<?xml version="1.0" encoding="UTF-8"?>
<!-- Generated by org.testng.reporters.JUnitReportReporter -->
<testsuite hostname="LAPTOP-GA4HMSSR" failures="0" tests="3" name="com.qa.FacebookLoginValidation.LoginWithMultipleSetOfData" time="17.541" errors="0" timestamp="2022-11-22T08:21:40 IST" skipped="0">
  <testcase classname="com.qa.FacebookLoginValidation.LoginWithMultipleSetOfData" name="verifyLoginCredentials" time="4.491"/>
  <system-out/>
  <testcase classname="com.qa.FacebookLoginValidation.LoginWithMultipleSetOfData" name="verifyLoginCredentials" time="8.505"/>
  <system-out/>
  <testcase classname="com.qa.FacebookLoginValidation.LoginWithMultipleSetOfData" name="verifyLoginCredentials" time="4.545"/>
  <system-out/>
</testsuite> <!-- com.qa.FacebookLoginValidation.LoginWithMultipleSetOfData -->
