<?xml version="1.0" encoding="UTF-8"?>
<!-- Generated by org.testng.reporters.JUnitReportReporter -->
<testsuite hostname="LAPTOP-GA4HMSSR" failures="0" tests="3" name="com.qa.FacebookLoginValidation.LoginPageValidation" time="11.105" errors="0" timestamp="2022-11-22T08:22:53 IST" skipped="0">
  <testcase classname="com.qa.FacebookLoginValidation.LoginPageValidation" name="loginWithCorrectUsernameAndWrongPassword" time="3.156"/>
  <system-out/>
  <testcase classname="com.qa.FacebookLoginValidation.LoginPageValidation" name="loginWithWrongUsernameAndCorrectPassword" time="4.705"/>
  <system-out/>
  <testcase classname="com.qa.FacebookLoginValidation.LoginPageValidation" name="loginWithoutUsernameAndPassword" time="3.244"/>
  <system-out/>
</testsuite> <!-- com.qa.FacebookLoginValidation.LoginPageValidation -->
